<?xml version="1.0" encoding="UTF-8"?>
<testsuite name="com.example.studentmanagementsystem.StudentManagementSystemApplicationTests" tests="1" skipped="0" failures="0" errors="0" timestamp="2025-04-02T04:41:57" hostname="DESKTOP-RVR2Q59" time="0.519">
  <properties/>
  <testcase name="contextLoads()" classname="com.example.studentmanagementsystem.StudentManagementSystemApplicationTests" time="0.519"/>
  <system-out><![CDATA[Standard Commons Logging discovery in action with spring-jcl: please remove commons-logging.jar from classpath in order to avoid potential conflicts
13:41:49.029 [Test worker] INFO org.springframework.test.context.support.AnnotationConfigContextLoaderUtils -- Could not detect default configuration classes for test class [com.example.studentmanagementsystem.StudentManagementSystemApplicationTests]: StudentManagementSystemApplicationTests does not declare any static, non-private, non-final, nested classes annotated with @Configuration.
13:41:49.159 [Test worker] INFO org.springframework.boot.test.context.SpringBootTestContextBootstrapper -- Found @SpringBootConfiguration com.example.studentmanagementsystem.StudentManagementSystemApplication for test class com.example.studentmanagementsystem.StudentManagementSystemApplicationTests

  .   ____          _            __ _ _
 /\\ / ___'_ __ _ _(_)_ __  __ _ \ \ \ \
( ( )\___ | '_ | '_| | '_ \/ _` | \ \ \ \
 \\/  ___)| |_)| | | | | || (_| |  ) ) ) )
  '  |____| .__|_| |_|_| |_\__, | / / / /
 =========|_|==============|___/=/_/_/_/
 :: Spring Boot ::                (v3.2.1)

2025-04-02T13:41:49.614+09:00  INFO 11140 --- [student-management-system] [    Test worker] .StudentManagementSystemApplicationTests : Starting StudentManagementSystemApplicationTests using Java 17.0.9 with PID 11140 (started by gram in C:\study\student-management-system)
2025-04-02T13:41:49.615+09:00  INFO 11140 --- [student-management-system] [    Test worker] .StudentManagementSystemApplicationTests : No active profile set, falling back to 1 default profile: "default"
2025-04-02T13:41:50.506+09:00  INFO 11140 --- [student-management-system] [    Test worker] .s.d.r.c.RepositoryConfigurationDelegate : Bootstrapping Spring Data JPA repositories in DEFAULT mode.
2025-04-02T13:41:50.616+09:00  INFO 11140 --- [student-management-system] [    Test worker] .s.d.r.c.RepositoryConfigurationDelegate : Finished Spring Data repository scanning in 99 ms. Found 17 JPA repository interfaces.
2025-04-02T13:41:51.464+09:00  INFO 11140 --- [student-management-system] [    Test worker] o.hibernate.jpa.internal.util.LogHelper  : HHH000204: Processing PersistenceUnitInfo [name: default]
2025-04-02T13:41:51.550+09:00  INFO 11140 --- [student-management-system] [    Test worker] org.hibernate.Version                    : HHH000412: Hibernate ORM core version 6.4.1.Final
2025-04-02T13:41:51.601+09:00  INFO 11140 --- [student-management-system] [    Test worker] o.h.c.internal.RegionFactoryInitiator    : HHH000026: Second-level cache disabled
2025-04-02T13:41:51.929+09:00  INFO 11140 --- [student-management-system] [    Test worker] o.s.o.j.p.SpringPersistenceUnitInfo      : No LoadTimeWeaver setup: ignoring JPA class transformer
2025-04-02T13:41:51.953+09:00  INFO 11140 --- [student-management-system] [    Test worker] com.zaxxer.hikari.HikariDataSource       : HikariPool-1 - Starting...
2025-04-02T13:41:52.073+09:00  INFO 11140 --- [student-management-system] [    Test worker] com.zaxxer.hikari.pool.HikariPool        : HikariPool-1 - Added connection conn0: url=jdbc:h2:mem:testdb user=SA
2025-04-02T13:41:52.074+09:00  INFO 11140 --- [student-management-system] [    Test worker] com.zaxxer.hikari.HikariDataSource       : HikariPool-1 - Start completed.
2025-04-02T13:41:52.091+09:00  WARN 11140 --- [student-management-system] [    Test worker] org.hibernate.orm.deprecation            : HHH90000025: H2Dialect does not need to be specified explicitly using 'hibernate.dialect' (remove the property setting and it will be selected by default)
2025-04-02T13:41:53.213+09:00  INFO 11140 --- [student-management-system] [    Test worker] o.h.e.t.j.p.i.JtaPlatformInitiator       : HHH000489: No JTA platform available (set 'hibernate.transaction.jta.platform' to enable JTA platform integration)
2025-04-02T13:41:53.312+09:00  INFO 11140 --- [student-management-system] [    Test worker] j.LocalContainerEntityManagerFactoryBean : Initialized JPA EntityManagerFactory for persistence unit 'default'
2025-04-02T13:41:54.678+09:00  INFO 11140 --- [student-management-system] [    Test worker] o.s.d.j.r.query.QueryEnhancerFactory     : Hibernate is in classpath; If applicable, HQL parser will be used.
2025-04-02T13:41:56.101+09:00  WARN 11140 --- [student-management-system] [    Test worker] JpaBaseConfiguration$JpaWebConfiguration : spring.jpa.open-in-view is enabled by default. Therefore, database queries may be performed during view rendering. Explicitly configure spring.jpa.open-in-view to disable this warning
2025-04-02T13:41:56.951+09:00  INFO 11140 --- [student-management-system] [    Test worker] o.s.s.web.DefaultSecurityFilterChain     : Will secure any request with [org.springframework.security.web.session.DisableEncodeUrlFilter@4cda8d3b, org.springframework.security.web.context.request.async.WebAsyncManagerIntegrationFilter@73e054c0, org.springframework.security.web.context.SecurityContextHolderFilter@12b4a53d, org.springframework.security.web.header.HeaderWriterFilter@1184b542, org.springframework.web.filter.CorsFilter@5b12157b, org.springframework.security.web.authentication.logout.LogoutFilter@532860c7, org.springframework.security.web.authentication.UsernamePasswordAuthenticationFilter@6fa73db5, org.springframework.security.web.savedrequest.RequestCacheAwareFilter@636e6791, org.springframework.security.web.servletapi.SecurityContextHolderAwareRequestFilter@631ff7a2, org.springframework.security.web.authentication.AnonymousAuthenticationFilter@73760b13, org.springframework.security.web.access.ExceptionTranslationFilter@6c30efc4, org.springframework.security.web.access.intercept.AuthorizationFilter@6eaf016e]
2025-04-02T13:41:57.812+09:00  INFO 11140 --- [student-management-system] [    Test worker] .StudentManagementSystemApplicationTests : Started StudentManagementSystemApplicationTests in 8.454 seconds (process running for 9.782)
]]></system-out>
  <system-err><![CDATA[]]></system-err>
</testsuite>
