<?xml version="1.0" encoding="UTF-8"?>
<testsuite name="com.example.studentmanagementsystem.grade.GradeServiceTest" tests="2" skipped="0" failures="0" errors="0" timestamp="2025-04-02T04:41:58" hostname="DESKTOP-RVR2Q59" time="0.447">
  <properties/>
  <testcase name="testCreateGrade()" classname="com.example.studentmanagementsystem.grade.GradeServiceTest" time="0.048"/>
  <testcase name="testScoreAndAdjustFinalGrade()" classname="com.example.studentmanagementsystem.grade.GradeServiceTest" time="0.398"/>
  <system-out><![CDATA[2025-04-02T13:41:58.741+09:00  INFO 11140 --- [student-management-system] [    Test worker] t.c.s.AnnotationConfigContextLoaderUtils : Could not detect default configuration classes for test class [com.example.studentmanagementsystem.grade.GradeServiceTest]: GradeServiceTest does not declare any static, non-private, non-final, nested classes annotated with @Configuration.
2025-04-02T13:41:58.750+09:00  INFO 11140 --- [student-management-system] [    Test worker] .b.t.c.SpringBootTestContextBootstrapper : Found @SpringBootConfiguration com.example.studentmanagementsystem.StudentManagementSystemApplication for test class com.example.studentmanagementsystem.grade.GradeServiceTest
]]></system-out>
  <system-err><![CDATA[]]></system-err>
</testsuite>
