<?xml version="1.0" encoding="UTF-8"?>
<testsuite name="com.example.studentmanagementsystem.grade.GradeServiceTest" tests="1" skipped="0" failures="1" errors="0" timestamp="2025-06-04T08:34:11" hostname="DESKTOP-QV0J5T4" time="1.38">
  <properties/>
  <testcase name="testPublisherListener()" classname="com.example.studentmanagementsystem.grade.GradeServiceTest" time="1.38">
    <failure message="org.opentest4j.AssertionFailedError: expected: &lt;1&gt; but was: &lt;0&gt;" type="org.opentest4j.AssertionFailedError">org.opentest4j.AssertionFailedError: expected: &lt;1&gt; but was: &lt;0&gt;
	at app//org.junit.jupiter.api.AssertionFailureBuilder.build(AssertionFailureBuilder.java:151)
	at app//org.junit.jupiter.api.AssertionFailureBuilder.buildAndThrow(AssertionFailureBuilder.java:132)
	at app//org.junit.jupiter.api.AssertEquals.failNotEqual(AssertEquals.java:197)
	at app//org.junit.jupiter.api.AssertEquals.assertEquals(AssertEquals.java:150)
	at app//org.junit.jupiter.api.AssertEquals.assertEquals(AssertEquals.java:145)
	at app//org.junit.jupiter.api.Assertions.assertEquals(Assertions.java:531)
	at app//com.example.studentmanagementsystem.grade.GradeServiceTest.testPublisherListener(GradeServiceTest.java:132)
	at java.base@17.0.15/java.lang.reflect.Method.invoke(Method.java:569)
	at java.base@17.0.15/java.util.ArrayList.forEach(ArrayList.java:1511)
	at java.base@17.0.15/java.util.ArrayList.forEach(ArrayList.java:1511)
</failure>
  </testcase>
  <system-out><![CDATA[Standard Commons Logging discovery in action with spring-jcl: please remove commons-logging.jar from classpath in order to avoid potential conflicts
17:33:56.157 [Test worker] INFO org.springframework.test.context.support.AnnotationConfigContextLoaderUtils -- Could not detect default configuration classes for test class [com.example.studentmanagementsystem.grade.GradeServiceTest]: GradeServiceTest does not declare any static, non-private, non-final, nested classes annotated with @Configuration.
17:33:56.354 [Test worker] INFO org.springframework.boot.test.context.SpringBootTestContextBootstrapper -- Found @SpringBootConfiguration com.example.studentmanagementsystem.StudentManagementSystemApplication for test class com.example.studentmanagementsystem.grade.GradeServiceTest

  .   ____          _            __ _ _
 /\\ / ___'_ __ _ _(_)_ __  __ _ \ \ \ \
( ( )\___ | '_ | '_| | '_ \/ _` | \ \ \ \
 \\/  ___)| |_)| | | | | || (_| |  ) ) ) )
  '  |____| .__|_| |_|_| |_\__, | / / / /
 =========|_|==============|___/=/_/_/_/
 :: Spring Boot ::                (v3.2.1)

2025-06-04T17:33:57.081+09:00  INFO 19444 --- [student-management-system] [    Test worker] c.e.s.grade.GradeServiceTest             : Starting GradeServiceTest using Java 17.0.15 with PID 19444 (started by user in C:\Users\user\IdeaProjects\student-management-system)
2025-06-04T17:33:57.083+09:00  INFO 19444 --- [student-management-system] [    Test worker] c.e.s.grade.GradeServiceTest             : No active profile set, falling back to 1 default profile: "default"
2025-06-04T17:33:58.498+09:00  INFO 19444 --- [student-management-system] [    Test worker] .s.d.r.c.RepositoryConfigurationDelegate : Bootstrapping Spring Data JPA repositories in DEFAULT mode.
2025-06-04T17:33:58.722+09:00  INFO 19444 --- [student-management-system] [    Test worker] .s.d.r.c.RepositoryConfigurationDelegate : Finished Spring Data repository scanning in 207 ms. Found 19 JPA repository interfaces.
2025-06-04T17:34:00.279+09:00  INFO 19444 --- [student-management-system] [    Test worker] o.hibernate.jpa.internal.util.LogHelper  : HHH000204: Processing PersistenceUnitInfo [name: default]
2025-06-04T17:34:00.388+09:00  INFO 19444 --- [student-management-system] [    Test worker] org.hibernate.Version                    : HHH000412: Hibernate ORM core version 6.4.1.Final
2025-06-04T17:34:00.491+09:00  INFO 19444 --- [student-management-system] [    Test worker] o.h.c.internal.RegionFactoryInitiator    : HHH000026: Second-level cache disabled
2025-06-04T17:34:01.121+09:00  INFO 19444 --- [student-management-system] [    Test worker] o.s.o.j.p.SpringPersistenceUnitInfo      : No LoadTimeWeaver setup: ignoring JPA class transformer
2025-06-04T17:34:01.160+09:00  INFO 19444 --- [student-management-system] [    Test worker] com.zaxxer.hikari.HikariDataSource       : HikariPool-1 - Starting...
2025-06-04T17:34:01.399+09:00  INFO 19444 --- [student-management-system] [    Test worker] com.zaxxer.hikari.pool.HikariPool        : HikariPool-1 - Added connection conn0: url=jdbc:h2:mem:testdb user=SA
2025-06-04T17:34:01.402+09:00  INFO 19444 --- [student-management-system] [    Test worker] com.zaxxer.hikari.HikariDataSource       : HikariPool-1 - Start completed.
2025-06-04T17:34:01.432+09:00  WARN 19444 --- [student-management-system] [    Test worker] org.hibernate.orm.deprecation            : HHH90000025: H2Dialect does not need to be specified explicitly using 'hibernate.dialect' (remove the property setting and it will be selected by default)
2025-06-04T17:34:03.625+09:00  INFO 19444 --- [student-management-system] [    Test worker] o.h.e.t.j.p.i.JtaPlatformInitiator       : HHH000489: No JTA platform available (set 'hibernate.transaction.jta.platform' to enable JTA platform integration)
2025-06-04T17:34:03.851+09:00  INFO 19444 --- [student-management-system] [    Test worker] j.LocalContainerEntityManagerFactoryBean : Initialized JPA EntityManagerFactory for persistence unit 'default'
2025-06-04T17:34:06.207+09:00  INFO 19444 --- [student-management-system] [    Test worker] o.s.d.j.r.query.QueryEnhancerFactory     : Hibernate is in classpath; If applicable, HQL parser will be used.
2025-06-04T17:34:08.958+09:00  WARN 19444 --- [student-management-system] [    Test worker] JpaBaseConfiguration$JpaWebConfiguration : spring.jpa.open-in-view is enabled by default. Therefore, database queries may be performed during view rendering. Explicitly configure spring.jpa.open-in-view to disable this warning
2025-06-04T17:34:09.904+09:00  INFO 19444 --- [student-management-system] [    Test worker] o.s.s.web.DefaultSecurityFilterChain     : Will secure any request with [org.springframework.security.web.session.DisableEncodeUrlFilter@52d04234, org.springframework.security.web.context.request.async.WebAsyncManagerIntegrationFilter@75f5293c, org.springframework.security.web.context.SecurityContextHolderFilter@15c46930, org.springframework.security.web.header.HeaderWriterFilter@75b994f7, org.springframework.web.filter.CorsFilter@3f7e72a7, org.springframework.security.web.authentication.logout.LogoutFilter@1132c14, org.springframework.security.web.authentication.UsernamePasswordAuthenticationFilter@216fe151, org.springframework.security.web.savedrequest.RequestCacheAwareFilter@547ef1c6, org.springframework.security.web.servletapi.SecurityContextHolderAwareRequestFilter@39dfadd7, org.springframework.security.web.authentication.AnonymousAuthenticationFilter@69bf351e, org.springframework.security.web.access.ExceptionTranslationFilter@2b009051, org.springframework.security.web.access.intercept.AuthorizationFilter@4cf5db07]
2025-06-04T17:34:11.229+09:00  INFO 19444 --- [student-management-system] [    Test worker] c.e.s.grade.GradeServiceTest             : Started GradeServiceTest in 14.618 seconds (process running for 16.641)
]]></system-out>
  <system-err><![CDATA[]]></system-err>
</testsuite>
