<?xml version="1.0" encoding="UTF-8"?>
<testsuite name="com.example.studentmanagementsystem.course.service.CourseServiceTest" tests="3" skipped="0" failures="0" errors="0" timestamp="2025-04-02T04:41:58" hostname="DESKTOP-RVR2Q59" time="0.306">
  <properties/>
  <testcase name="testTwoStudentsRegisterMultiCourses()" classname="com.example.studentmanagementsystem.course.service.CourseServiceTest" time="0.257"/>
  <testcase name="testRegisterCourse()" classname="com.example.studentmanagementsystem.course.service.CourseServiceTest" time="0.028"/>
  <testcase name="testCreateCourse()" classname="com.example.studentmanagementsystem.course.service.CourseServiceTest" time="0.019"/>
  <system-out><![CDATA[2025-04-02T13:41:58.368+09:00  INFO 11140 --- [student-management-system] [    Test worker] t.c.s.AnnotationConfigContextLoaderUtils : Could not detect default configuration classes for test class [com.example.studentmanagementsystem.course.service.CourseServiceTest]: CourseServiceTest does not declare any static, non-private, non-final, nested classes annotated with @Configuration.
2025-04-02T13:41:58.385+09:00  INFO 11140 --- [student-management-system] [    Test worker] .b.t.c.SpringBootTestContextBootstrapper : Found @SpringBootConfiguration com.example.studentmanagementsystem.StudentManagementSystemApplication for test class com.example.studentmanagementsystem.course.service.CourseServiceTest
]]></system-out>
  <system-err><![CDATA[]]></system-err>
</testsuite>
